app/build/outputs/logs/manifest-merger-debug-report.txt
-- Merging decision tree log ---
manifest
ADDED from src\main\AndroidManifest.xml:2:1-168:12
	package
		ADDED from src\main\AndroidManifest.xml:3:5-27
		INJECTED from src\main\AndroidManifest.xml
		INJECTED from src\main\AndroidManifest.xml
	android:versionName
		INJECTED from src\main\AndroidManifest.xml
		INJECTED from src\main\AndroidManifest.xml
	xmlns:android
		ADDED from src\main\AndroidManifest.xml:2:11-69
	android:versionCode
		INJECTED from src\main\AndroidManifest.xml
		INJECTED from src\main\AndroidManifest.xml
uses-permission#android.permission.INTERNET
ADDED from src\main\AndroidManifest.xml:5:5-67
MERGED from [com.github.vondear:RxTools:v1.7.8.3] AndroidManifest.xml:12:5-67
MERGED from [jameson.io.library:library:0.0.1] AndroidManifest.xml:11:5-67
MERGED from [com.vise.xiaoyaoyou:xsnow:2.1.8] AndroidManifest.xml:11:5-67
	android:name
		ADDED from src\main\AndroidManifest.xml:5:22-64
uses-permission#android.permission.WRITE_EXTERNAL_STORAGE
ADDED from src\main\AndroidManifest.xml:6:5-81
MERGED from [com.github.vondear:RxTools:v1.7.8.3] AndroidManifest.xml:21:5-81
MERGED from [jameson.io.library:library:0.0.1] AndroidManifest.xml:13:5-81
MERGED from [com.vise.xiaoyaoyou:xsnow:2.1.8] AndroidManifest.xml:13:5-81
	android:name
		ADDED from src\main\AndroidManifest.xml:6:22-78
uses-permission#android.permission.READ_EXTERNAL_STORAGE
ADDED from src\main\AndroidManifest.xml:7:5-80
MERGED from [jameson.io.library:library:0.0.1] AndroidManifest.xml:12:5-80
MERGED from [com.vise.xiaoyaoyou:xsnow:2.1.8] AndroidManifest.xml:14:5-80
	android:name
		ADDED from src\main\AndroidManifest.xml:7:22-77
uses-permission#android.permission.CALL_PHONE
ADDED from src\main\AndroidManifest.xml:8:5-69
MERGED from [com.github.vondear:RxTools:v1.7.8.3] AndroidManifest.xml:16:5-69
	android:name
		ADDED from src\main\AndroidManifest.xml:8:22-66
uses-permission#android.permission.ACCESS_NETWORK_STATE
ADDED from src\main\AndroidManifest.xml:10:5-79
MERGED from [com.github.vondear:RxTools:v1.7.8.3] AndroidManifest.xml:11:5-79
MERGED from [com.vise.xiaoyaoyou:xsnow:2.1.8] AndroidManifest.xml:12:5-79
	android:name
		ADDED from src\main\AndroidManifest.xml:10:22-76
uses-permission#android.permission.ACCESS_WIFI_STATE
ADDED from src\main\AndroidManifest.xml:11:5-76
MERGED from [com.github.vondear:RxTools:v1.7.8.3] AndroidManifest.xml:15:5-76
MERGED from [com.vise.xiaoyaoyou:viseutils:1.1.0] AndroidManifest.xml:11:5-76
	android:name
		ADDED from src\main\AndroidManifest.xml:11:22-73
uses-permission#android.permission.READ_PHONE_STATE
ADDED from src\main\AndroidManifest.xml:12:5-75
MERGED from [com.github.vondear:RxTools:v1.7.8.3] AndroidManifest.xml:20:5-75
	android:name
		ADDED from src\main\AndroidManifest.xml:12:22-72
uses-permission#android.permission.READ_SETTINGS
ADDED from src\main\AndroidManifest.xml:13:5-72
	android:name
		ADDED from src\main\AndroidManifest.xml:13:22-69
uses-permission#android.permission.WRITE_SETTINGS
ADDED from src\main\AndroidManifest.xml:14:5-73
	android:name
		ADDED from src\main\AndroidManifest.xml:14:22-70
uses-permission#android.permission.GET_TASKS
ADDED from src\main\AndroidManifest.xml:15:5-68
	android:name
		ADDED from src\main\AndroidManifest.xml:15:22-65
uses-permission#android.permission.ACCESS_COARSE_LOCATION
ADDED from src\main\AndroidManifest.xml:17:5-81
MERGED from [com.github.vondear:RxTools:v1.7.8.3] AndroidManifest.xml:13:5-81
	android:name
		ADDED from src\main\AndroidManifest.xml:17:22-78
application
ADDED from src\main\AndroidManifest.xml:19:5-166:19
MERGED from [com.malinskiy:superrecyclerview:1.1.4] AndroidManifest.xml:12:5-20
MERGED from [com.mikhaellopez:circularprogressbar:1.1.1] AndroidManifest.xml:12:5-20
MERGED from [pub.devrel:easypermissions:0.2.1] AndroidManifest.xml:12:5-20
MERGED from [com.android.support.constraint:constraint-layout:1.0.2] AndroidManifest.xml:9:5-20
MERGED from [com.scwang.smartrefresh:SmartRefreshLayout:1.0.4-1] AndroidManifest.xml:11:5-15:19
MERGED from [com.scwang.smartrefresh:SmartRefreshHeader:1.0.4-1] AndroidManifest.xml:11:5-15:19
MERGED from [com.github.vondear:RxTools:v1.7.8.3] AndroidManifest.xml:33:5-58:19
MERGED from [com.github.zyyoona7:EasyPopup:1.0.2] AndroidManifest.xml:11:5-15:19
MERGED from [nl.dionsegijn:konfetti:1.1.1] AndroidManifest.xml:11:5-53
MERGED from [com.github.chenBingX:SuperTextView:v2.0.1] AndroidManifest.xml:26:5-30:19
MERGED from [com.haozhang.libary:android-slanted-textview:1.2] AndroidManifest.xml:11:5-15:19
MERGED from [com.github.shellljx:TagViewGroup:v1.2] AndroidManifest.xml:11:5-15:19
MERGED from [com.github.pinguo-zhouwei:MZBannerView:v2.0.0] AndroidManifest.xml:11:5-15:19
MERGED from [de.hdodenhof:circleimageview:2.1.0] AndroidManifest.xml:9:5-20
MERGED from [com.flyco.roundview:FlycoRoundView_Lib:1.1.4] AndroidManifest.xml:11:5-14:19
MERGED from [CircleDemo:Cardlibrary:unspecified] AndroidManifest.xml:11:5-15:19
MERGED from [CircleDemo:CardGallylibrary:unspecified] AndroidManifest.xml:11:5-15:19
MERGED from [com.android.support:cardview-v7:25.3.1] AndroidManifest.xml:26:5-20
MERGED from [jameson.io.library:library:0.0.1] AndroidManifest.xml:15:5-19:19
MERGED from [com.chenlittleping:recyclercoverflow:1.0.5] AndroidManifest.xml:11:5-15:19
MERGED from [com.nightonke:boommenu:2.1.1] AndroidManifest.xml:11:5-14:19
MERGED from [com.github.chacojack:hivelayoutmanager:1.0.1] AndroidManifest.xml:11:5-15:19
MERGED from [com.github.stfalcon:multiimageview:0.1] AndroidManifest.xml:11:5-15:19
MERGED from [CircleDemo:xrichtext:unspecified] AndroidManifest.xml:11:5-15:19
MERGED from [CircleDemo:imagepicker:unspecified] AndroidManifest.xml:11:5-15:19
MERGED from [com.oginotihiro:cropview:1.0.0] AndroidManifest.xml:11:5-15:19
MERGED from [br.com.mauker.materialsearchview:materialsearchview:1.2.2] AndroidManifest.xml:23:5-25:38
MERGED from [com.android.support:design:25.3.1] AndroidManifest.xml:29:5-20
MERGED from [com.android.support:transition:25.3.1] AndroidManifest.xml:26:5-20
MERGED from [com.github.clans:fab:1.6.4] AndroidManifest.xml:12:5-20
MERGED from [CircleDemo:androidtagview:unspecified] AndroidManifest.xml:11:5-12:19
MERGED from [CircleDemo:netexpand:unspecified] AndroidManifest.xml:11:5-15:19
MERGED from [com.vise.xiaoyaoyou:xsnow:2.1.8] AndroidManifest.xml:16:5-20:19
MERGED from [com.vise.xiaoyaoyou:viselog:1.1.0] AndroidManifest.xml:12:5-20
MERGED from [com.romandanylyk:pageindicatorview:0.0.4] AndroidManifest.xml:12:5-20
MERGED from [com.vinaygaba:rubberstamp:1.0.0] AndroidManifest.xml:11:5-13:44
MERGED from [com.android.support:appcompat-v7:25.3.1] AndroidManifest.xml:29:5-20
MERGED from [com.android.support:support-v4:25.3.1] AndroidManifest.xml:29:5-20
MERGED from [com.android.support:support-fragment:25.3.1] AndroidManifest.xml:29:5-20
MERGED from [com.android.support:support-media-compat:25.3.1] AndroidManifest.xml:29:5-20
MERGED from [com.android.support:support-core-ui:25.3.1] AndroidManifest.xml:29:5-20
MERGED from [com.android.support:support-core-utils:25.3.1] AndroidManifest.xml:29:5-20
MERGED from [com.android.support:animated-vector-drawable:25.3.1] AndroidManifest.xml:26:5-20
MERGED from [com.android.support:support-vector-drawable:25.3.1] AndroidManifest.xml:26:5-20
MERGED from [com.android.support:support-compat:25.3.1] AndroidManifest.xml:29:5-20
	android:label
		ADDED from src\main\AndroidManifest.xml:23:9-41
	android:supportsRtl
		ADDED from [com.github.vondear:RxTools:v1.7.8.3] AndroidManifest.xml:36:9-35
	android:allowBackup
		ADDED from src\main\AndroidManifest.xml:21:9-35
	android:icon
		ADDED from src\main\AndroidManifest.xml:22:9-38
	android:theme
		ADDED from src\main\AndroidManifest.xml:24:9-40
	android:name
		ADDED from src\main\AndroidManifest.xml:20:9-40
activity#com.zlb.memo.activity.SplashActivity
ADDED from src\main\AndroidManifest.xml:26:9-33:20
	android:screenOrientation
		ADDED from src\main\AndroidManifest.xml:28:13-49
	android:name
		ADDED from src\main\AndroidManifest.xml:27:13-64
intent-filter#android.intent.action.MAIN+android.intent.category.LAUNCHER
ADDED from src\main\AndroidManifest.xml:29:13-32:29
action#android.intent.action.MAIN
ADDED from src\main\AndroidManifest.xml:30:17-69
	android:name
		ADDED from src\main\AndroidManifest.xml:30:25-66
category#android.intent.category.LAUNCHER
ADDED from src\main\AndroidManifest.xml:31:17-77
	android:name
		ADDED from src\main\AndroidManifest.xml:31:27-74
activity#com.zlb.memo.activity.MainActivity
ADDED from src\main\AndroidManifest.xml:35:9-37:52
	android:screenOrientation
		ADDED from src\main\AndroidManifest.xml:37:13-49
	android:name
		ADDED from src\main\AndroidManifest.xml:36:13-62
activity#com.zlb.memo.activity.LoginActivity
ADDED from src\main\AndroidManifest.xml:39:9-41:52
	android:screenOrientation
		ADDED from src\main\AndroidManifest.xml:41:13-49
	android:name
		ADDED from src\main\AndroidManifest.xml:40:13-63
activity#com.zlb.memo.activity.RegisterActivity
ADDED from src\main\AndroidManifest.xml:43:9-45:52
	android:screenOrientation
		ADDED from src\main\AndroidManifest.xml:45:13-49
	android:name
		ADDED from src\main\AndroidManifest.xml:44:13-66
activity#com.zlb.memo.activity.ResetPasswordActivity
ADDED from src\main\AndroidManifest.xml:47:9-49:52
	android:screenOrientation
		ADDED from src\main\AndroidManifest.xml:49:13-49
	android:name
		ADDED from src\main\AndroidManifest.xml:48:13-71
activity#com.zlb.memo.activity.CircleActivity
ADDED from src\main\AndroidManifest.xml:51:9-53:52
	android:screenOrientation
		ADDED from src\main\AndroidManifest.xml:53:13-49
	android:name
		ADDED from src\main\AndroidManifest.xml:52:13-64
activity#com.zlb.memo.activity.NoteActivity
ADDED from src\main\AndroidManifest.xml:55:9-57:52
	android:screenOrientation
		ADDED from src\main\AndroidManifest.xml:57:13-49
	android:name
		ADDED from src\main\AndroidManifest.xml:56:13-62
activity#com.zlb.memo.activity.NewActivity
ADDED from src\main\AndroidManifest.xml:59:9-61:52
	android:screenOrientation
		ADDED from src\main\AndroidManifest.xml:61:13-49
	android:name
		ADDED from src\main\AndroidManifest.xml:60:13-61
activity#me.iwf.photopicker.PhotoPickerActivity
ADDED from src\main\AndroidManifest.xml:63:9-65:52
	android:screenOrientation
		ADDED from src\main\AndroidManifest.xml:65:13-49
	android:name
		ADDED from src\main\AndroidManifest.xml:64:13-66
activity#me.iwf.photopicker.PhotoPagerActivity
ADDED from src\main\AndroidManifest.xml:66:9-68:52
	android:screenOrientation
		ADDED from src\main\AndroidManifest.xml:68:13-49
	android:name
		ADDED from src\main\AndroidManifest.xml:67:13-65
activity#com.zlb.memo.activity.PublishActivity
ADDED from src\main\AndroidManifest.xml:70:9-72:52
	android:screenOrientation
		ADDED from src\main\AndroidManifest.xml:72:13-49
	android:name
		ADDED from src\main\AndroidManifest.xml:71:13-65
activity#com.zlb.memo.activity.PublishPingYouActivity
ADDED from src\main\AndroidManifest.xml:74:9-76:52
	android:screenOrientation
		ADDED from src\main\AndroidManifest.xml:76:13-49
	android:name
		ADDED from src\main\AndroidManifest.xml:75:13-72
activity#com.zlb.memo.activity.PublishPingYouEditActivity
ADDED from src\main\AndroidManifest.xml:78:9-80:52
	android:screenOrientation
		ADDED from src\main\AndroidManifest.xml:80:13-49
	android:name
		ADDED from src\main\AndroidManifest.xml:79:13-76
activity#com.zlb.memo.activity.PublishPingYouEditIntruduceActivity
ADDED from src\main\AndroidManifest.xml:82:9-84:52
	android:screenOrientation
		ADDED from src\main\AndroidManifest.xml:84:13-49
	android:name
		ADDED from src\main\AndroidManifest.xml:83:13-85
activity#com.zlb.memo.activity.PublishDaoyouActivity
ADDED from src\main\AndroidManifest.xml:86:9-88:52
	android:screenOrientation
		ADDED from src\main\AndroidManifest.xml:88:13-49
	android:name
		ADDED from src\main\AndroidManifest.xml:87:13-71
activity#com.zlb.memo.activity.PublishDarenActivity
ADDED from src\main\AndroidManifest.xml:90:9-92:52
	android:screenOrientation
		ADDED from src\main\AndroidManifest.xml:92:13-49
	android:name
		ADDED from src\main\AndroidManifest.xml:91:13-70
activity#com.zlb.memo.activity.PublishBoZhuActivity
ADDED from src\main\AndroidManifest.xml:94:9-96:52
	android:screenOrientation
		ADDED from src\main\AndroidManifest.xml:96:13-49
	android:name
		ADDED from src\main\AndroidManifest.xml:95:13-70
activity#com.zlb.memo.activity.PublishLvXingZheActivity
ADDED from src\main\AndroidManifest.xml:98:9-100:52
	android:screenOrientation
		ADDED from src\main\AndroidManifest.xml:100:13-49
	android:name
		ADDED from src\main\AndroidManifest.xml:99:13-74
activity#com.zlb.memo.activity.PublishShanghuActivity
ADDED from src\main\AndroidManifest.xml:102:9-104:52
	android:screenOrientation
		ADDED from src\main\AndroidManifest.xml:104:13-49
	android:name
		ADDED from src\main\AndroidManifest.xml:103:13-72
activity#com.zlb.memo.activity.PublishYouHuiQuanActivity
ADDED from src\main\AndroidManifest.xml:106:9-108:52
	android:screenOrientation
		ADDED from src\main\AndroidManifest.xml:108:13-49
	android:name
		ADDED from src\main\AndroidManifest.xml:107:13-75
activity#com.zlb.memo.activity.PublishPingYouDetailsActivity
ADDED from src\main\AndroidManifest.xml:110:9-112:52
	android:screenOrientation
		ADDED from src\main\AndroidManifest.xml:112:13-49
	android:name
		ADDED from src\main\AndroidManifest.xml:111:13-67
activity#com.zlb.memo.activity.base.ActivityWebView
ADDED from src\main\AndroidManifest.xml:114:9-116:52
	android:screenOrientation
		ADDED from src\main\AndroidManifest.xml:116:13-49
	android:name
		ADDED from src\main\AndroidManifest.xml:115:13-70
activity#com.zlb.memo.activity.PersonDetailsActivity
ADDED from src\main\AndroidManifest.xml:118:9-120:52
	android:screenOrientation
		ADDED from src\main\AndroidManifest.xml:120:13-49
	android:name
		ADDED from src\main\AndroidManifest.xml:119:13-59
activity#com.zlb.memo.activity.MyArticleDraftActivity
ADDED from src\main\AndroidManifest.xml:122:9-124:52
	android:screenOrientation
		ADDED from src\main\AndroidManifest.xml:124:13-49
	android:name
		ADDED from src\main\AndroidManifest.xml:123:13-60
activity#com.zlb.memo.activity.PublishBozhuDetailsActivity
ADDED from src\main\AndroidManifest.xml:126:9-128:52
	android:screenOrientation
		ADDED from src\main\AndroidManifest.xml:128:13-49
	android:name
		ADDED from src\main\AndroidManifest.xml:127:13-65
activity#com.zlb.memo.activity.PublishedBoZhuDetailsActivity
ADDED from src\main\AndroidManifest.xml:130:9-132:52
	android:screenOrientation
		ADDED from src\main\AndroidManifest.xml:132:13-49
	android:name
		ADDED from src\main\AndroidManifest.xml:131:13-67
activity#com.zlb.memo.activity.MyPingYouDraftActivity
ADDED from src\main\AndroidManifest.xml:134:9-136:52
	android:screenOrientation
		ADDED from src\main\AndroidManifest.xml:136:13-49
	android:name
		ADDED from src\main\AndroidManifest.xml:135:13-60
activity#com.zhuguangmama.imagepicker.ui.ImagePreviewActivity
ADDED from src\main\AndroidManifest.xml:139:9-141:52
	android:screenOrientation
		ADDED from src\main\AndroidManifest.xml:141:13-49
	android:name
		ADDED from src\main\AndroidManifest.xml:140:13-80
activity#com.zhuguangmama.imagepicker.ui.ImagesGridActivity
ADDED from src\main\AndroidManifest.xml:142:9-144:52
	android:screenOrientation
		ADDED from src\main\AndroidManifest.xml:144:13-49
	android:name
		ADDED from src\main\AndroidManifest.xml:143:13-78
activity#com.zhuguangmama.imagepicker.ui.ImageCropActivity
ADDED from src\main\AndroidManifest.xml:145:9-147:52
	android:screenOrientation
		ADDED from src\main\AndroidManifest.xml:147:13-49
	android:name
		ADDED from src\main\AndroidManifest.xml:146:13-77
activity#com.zhuguangmama.imagepicker.ui.ImagePagerActivity
ADDED from src\main\AndroidManifest.xml:149:9-151:52
	android:screenOrientation
		ADDED from src\main\AndroidManifest.xml:151:13-49
	android:name
		ADDED from src\main\AndroidManifest.xml:150:13-78
activity#com.yalantis.ucrop.UCropActivity
ADDED from src\main\AndroidManifest.xml:153:9-156:71
	android:screenOrientation
		ADDED from src\main\AndroidManifest.xml:155:13-49
	android:theme
		ADDED from src\main\AndroidManifest.xml:156:13-69
	android:name
		ADDED from src\main\AndroidManifest.xml:154:13-60
meta-data#com.zlb.memo.loader.MyGlideModule
ADDED from src\main\AndroidManifest.xml:158:9-160:43
	android:value
		ADDED from src\main\AndroidManifest.xml:160:13-40
	android:name
		ADDED from src\main\AndroidManifest.xml:159:13-61
meta-data#com.amap.api.v2.apikey
ADDED from src\main\AndroidManifest.xml:162:9-164:64
	android:value
		ADDED from src\main\AndroidManifest.xml:164:13-61
	android:name
		ADDED from src\main\AndroidManifest.xml:163:13-50
uses-sdk
INJECTED from src\main\AndroidManifest.xml reason: use-sdk injection requested
MERGED from [com.android.support:multidex:1.0.1] AndroidManifest.xml:18:5-42
MERGED from [com.malinskiy:superrecyclerview:1.1.4] AndroidManifest.xml:8:5-10:41
MERGED from [com.mikhaellopez:circularprogressbar:1.1.1] AndroidManifest.xml:8:5-10:41
MERGED from [pub.devrel:easypermissions:0.2.1] AndroidManifest.xml:8:5-10:41
MERGED from [com.android.support.constraint:constraint-layout:1.0.2] AndroidManifest.xml:5:5-7:41
MERGED from [com.qmuiteam:qmui:1.1.2] AndroidManifest.xml:5:5-7:41
MERGED from [com.scwang.smartrefresh:SmartRefreshLayout:1.0.4-1] AndroidManifest.xml:7:5-9:41
MERGED from [com.scwang.smartrefresh:SmartRefreshHeader:1.0.4-1] AndroidManifest.xml:7:5-9:41
MERGED from [com.github.vondear:RxTools:v1.7.8.3] AndroidManifest.xml:7:5-9:41
MERGED from [com.jpeng:JPTabBar:1.4.0] AndroidManifest.xml:8:5-10:41
MERGED from [com.github.florent37:longshadow:1.0.1] AndroidManifest.xml:8:5-10:41
MERGED from [com.github.huburt-Hu:NewbieGuide:v1.2.3] AndroidManifest.xml:7:5-9:41
MERGED from [com.github.zyyoona7:EasyPopup:1.0.2] AndroidManifest.xml:7:5-9:41
MERGED from [com.github.addappcn:android-pickers:1.0.3] AndroidManifest.xml:8:5-10:41
MERGED from [nl.dionsegijn:konfetti:1.1.1] AndroidManifest.xml:7:5-9:41
MERGED from [com.github.chenBingX:SuperTextView:v2.0.1] AndroidManifest.xml:22:5-24:41
MERGED from [com.haozhang.libary:android-slanted-textview:1.2] AndroidManifest.xml:7:5-9:41
MERGED from [com.wanjian:cockroach:0.0.5] AndroidManifest.xml:7:5-9:41
MERGED from [com.github.florent37:diagonallayout:1.0.7] AndroidManifest.xml:8:5-10:41
MERGED from [com.github.shellljx:TagViewGroup:v1.2] AndroidManifest.xml:7:5-9:41
MERGED from [com.github.florent37:arclayout:1.0.1] AndroidManifest.xml:8:5-10:41
MERGED from [com.beloo.widget:ChipsLayoutManager:0.3.7] AndroidManifest.xml:8:5-10:41
MERGED from [com.jakewharton:butterknife:8.2.1] AndroidManifest.xml:5:5-43
MERGED from [com.github.pinguo-zhouwei:MZBannerView:v2.0.0] AndroidManifest.xml:7:5-9:41
MERGED from [com.bigkoo:convenientbanner:2.0.5] AndroidManifest.xml:7:5-44
MERGED from [jp.wasabeef:glide-transformations:2.0.1] AndroidManifest.xml:8:5-10:41
MERGED from [com.facebook.fresco:fresco:1.3.0] AndroidManifest.xml:5:5-7:41
MERGED from [com.facebook.fresco:drawee:1.3.0] AndroidManifest.xml:5:5-7:41
MERGED from [com.facebook.fresco:imagepipeline:1.3.0] AndroidManifest.xml:5:5-7:41
MERGED from [com.facebook.fresco:imagepipeline-base:1.3.0] AndroidManifest.xml:5:5-7:41
MERGED from [com.facebook.fresco:fbcore:1.3.0] AndroidManifest.xml:5:5-7:41
MERGED from [de.hdodenhof:circleimageview:2.1.0] AndroidManifest.xml:5:5-7:41
MERGED from [com.github.CymChad:BaseRecyclerViewAdapterHelper:2.9.22] AndroidManifest.xml:7:5-9:41
MERGED from [com.github.czy1121:loadinglayout:1.0.1] AndroidManifest.xml:7:5-9:41
MERGED from [com.github.mmin18:realtimeblurview:1.0.6] AndroidManifest.xml:7:5-9:41
MERGED from [com.flyco.roundview:FlycoRoundView_Lib:1.1.4] AndroidManifest.xml:7:5-9:41
MERGED from [CircleDemo:Cardlibrary:unspecified] AndroidManifest.xml:7:5-9:41
MERGED from [CircleDemo:CardGallylibrary:unspecified] AndroidManifest.xml:7:5-9:41
MERGED from [com.android.support:cardview-v7:25.3.1] AndroidManifest.xml:20:5-43
MERGED from [jameson.io.library:library:0.0.1] AndroidManifest.xml:7:5-9:41
MERGED from [com.zys:brokenview:1.0.3] AndroidManifest.xml:8:5-10:41
MERGED from [com.chenlittleping:recyclercoverflow:1.0.5] AndroidManifest.xml:7:5-9:41
MERGED from [com.nightonke:boommenu:2.1.1] AndroidManifest.xml:7:5-9:41
MERGED from [jp.wasabeef:recyclerview-animators:2.2.7] AndroidManifest.xml:8:5-10:41
MERGED from [com.github.chacojack:hivelayoutmanager:1.0.1] AndroidManifest.xml:7:5-9:41
MERGED from [com.github.stfalcon:multiimageview:0.1] AndroidManifest.xml:7:5-9:41
MERGED from [com.github.dongjunkun:CouponView:1.0.4] AndroidManifest.xml:7:5-9:41
MERGED from [CircleDemo:xrichtext:unspecified] AndroidManifest.xml:7:5-9:41
MERGED from [CircleDemo:imagepicker:unspecified] AndroidManifest.xml:7:5-9:41
MERGED from [com.oginotihiro:cropview:1.0.0] AndroidManifest.xml:7:5-9:41
MERGED from [com.github.chrisbanes:PhotoView:1.3.0] AndroidManifest.xml:8:5-10:41
MERGED from [me.iwf.photopicker:PhotoPicker:0.8.4] AndroidManifest.xml:8:5-10:41
MERGED from [io.reactivex:rxandroid:1.2.1] AndroidManifest.xml:19:5-43
MERGED from [br.com.mauker.materialsearchview:materialsearchview:1.2.2] AndroidManifest.xml:19:5-21:41
MERGED from [com.android.support:design:25.3.1] AndroidManifest.xml:21:5-23:62
MERGED from [com.android.support:recyclerview-v7:25.3.1] AndroidManifest.xml:20:5-43
MERGED from [com.android.support:transition:25.3.1] AndroidManifest.xml:20:5-44
MERGED from [com.github.clans:fab:1.6.4] AndroidManifest.xml:8:5-10:41
MERGED from [CircleDemo:androidtagview:unspecified] AndroidManifest.xml:7:5-9:41
MERGED from [CircleDemo:netexpand:unspecified] AndroidManifest.xml:7:5-9:41
MERGED from [com.vise.xiaoyaoyou:xsnow:2.1.8] AndroidManifest.xml:7:5-9:41
MERGED from [com.vise.xiaoyaoyou:viseutils:1.1.0] AndroidManifest.xml:7:5-9:41
MERGED from [com.vise.xiaoyaoyou:viselog:1.1.0] AndroidManifest.xml:8:5-10:41
MERGED from [io.reactivex.rxjava2:rxandroid:2.0.1] AndroidManifest.xml:19:5-43
MERGED from [com.romandanylyk:pageindicatorview:0.0.4] AndroidManifest.xml:8:5-10:41
MERGED from [com.jaredrummler:animated-svg-view:1.0.4] AndroidManifest.xml:6:5-8:41
MERGED from [com.yalantis:ucrop:2.2.0] AndroidManifest.xml:8:5-10:41
MERGED from [com.vinaygaba:rubberstamp:1.0.0] AndroidManifest.xml:7:5-9:41
MERGED from [com.android.support:appcompat-v7:25.3.1] AndroidManifest.xml:21:5-23:78
MERGED from [com.android.support:support-v4:25.3.1] AndroidManifest.xml:21:5-23:54
MERGED from [com.android.support:support-fragment:25.3.1] AndroidManifest.xml:21:5-23:60
MERGED from [com.android.support:support-media-compat:25.3.1] AndroidManifest.xml:21:5-23:63
MERGED from [com.android.support:support-core-ui:25.3.1] AndroidManifest.xml:21:5-23:58
MERGED from [com.android.support:support-core-utils:25.3.1] AndroidManifest.xml:21:5-23:61
MERGED from [com.android.support:animated-vector-drawable:25.3.1] AndroidManifest.xml:20:5-44
MERGED from [com.android.support:support-vector-drawable:25.3.1] AndroidManifest.xml:20:5-43
MERGED from [com.android.support:support-compat:25.3.1] AndroidManifest.xml:21:5-23:58
	tools:overrideLibrary
		ADDED from [com.android.support:design:25.3.1] AndroidManifest.xml:23:9-59
	android:targetSdkVersion
		INJECTED from src\main\AndroidManifest.xml
		INJECTED from src\main\AndroidManifest.xml
	android:minSdkVersion
		INJECTED from src\main\AndroidManifest.xml
		INJECTED from src\main\AndroidManifest.xml
uses-permission#android.permission.ACCESS_FINE_LOCATION
ADDED from [com.github.vondear:RxTools:v1.7.8.3] AndroidManifest.xml:14:5-79
	android:name
		ADDED from [com.github.vondear:RxTools:v1.7.8.3] AndroidManifest.xml:14:22-76
uses-permission#android.permission.REQUEST_INSTALL_PACKAGES
ADDED from [com.github.vondear:RxTools:v1.7.8.3] AndroidManifest.xml:17:5-83
	android:name
		ADDED from [com.github.vondear:RxTools:v1.7.8.3] AndroidManifest.xml:17:22-80
uses-permission#android.permission.VIBRATE
ADDED from [com.github.vondear:RxTools:v1.7.8.3] AndroidManifest.xml:23:5-66
	android:name
		ADDED from [com.github.vondear:RxTools:v1.7.8.3] AndroidManifest.xml:23:22-63
uses-permission#android.permission.FLASHLIGHT
ADDED from [com.github.vondear:RxTools:v1.7.8.3] AndroidManifest.xml:25:5-69
	android:name
		ADDED from [com.github.vondear:RxTools:v1.7.8.3] AndroidManifest.xml:25:22-66
uses-permission#android.permission.CAMERA
ADDED from [com.github.vondear:RxTools:v1.7.8.3] AndroidManifest.xml:27:5-65
	android:name
		ADDED from [com.github.vondear:RxTools:v1.7.8.3] AndroidManifest.xml:27:22-62
uses-feature#android.hardware.camera
ADDED from [com.github.vondear:RxTools:v1.7.8.3] AndroidManifest.xml:29:5-60
	android:name
		ADDED from [com.github.vondear:RxTools:v1.7.8.3] AndroidManifest.xml:29:19-57
uses-feature#android.hardware.camera.autofocus
ADDED from [com.github.vondear:RxTools:v1.7.8.3] AndroidManifest.xml:31:5-70
	android:name
		ADDED from [com.github.vondear:RxTools:v1.7.8.3] AndroidManifest.xml:31:19-67
activity#com.vondear.rxtools.activity.ActivityWebView
ADDED from [com.github.vondear:RxTools:v1.7.8.3] AndroidManifest.xml:37:9-41:20
	android:name
		ADDED from [com.github.vondear:RxTools:v1.7.8.3] AndroidManifest.xml:37:19-78
intent-filter#android.intent.category.DEFAULT
ADDED from [com.github.vondear:RxTools:v1.7.8.3] AndroidManifest.xml:38:13-40:29
category#android.intent.category.DEFAULT
ADDED from [com.github.vondear:RxTools:v1.7.8.3] AndroidManifest.xml:39:17-76
	android:name
		ADDED from [com.github.vondear:RxTools:v1.7.8.3] AndroidManifest.xml:39:27-73
activity#com.vondear.rxtools.activity.ActivityBase
ADDED from [com.github.vondear:RxTools:v1.7.8.3] AndroidManifest.xml:42:9-43:20
	android:name
		ADDED from [com.github.vondear:RxTools:v1.7.8.3] AndroidManifest.xml:42:19-75
activity#com.vondear.rxtools.activity.ActivityScanerCode
ADDED from [com.github.vondear:RxTools:v1.7.8.3] AndroidManifest.xml:44:9-45:20
	android:name
		ADDED from [com.github.vondear:RxTools:v1.7.8.3] AndroidManifest.xml:44:19-81
activity#com.vondear.rxtools.activity.ActivityCodeTool
ADDED from [com.github.vondear:RxTools:v1.7.8.3] AndroidManifest.xml:46:9-47:20
	android:name
		ADDED from [com.github.vondear:RxTools:v1.7.8.3] AndroidManifest.xml:46:19-79
provider#android.support.v4.content.FileProvider
ADDED from [com.github.vondear:RxTools:v1.7.8.3] AndroidManifest.xml:49:9-57:20
	android:authorities
		ADDED from [com.github.vondear:RxTools:v1.7.8.3] AndroidManifest.xml:51:13-64
	android:grantUriPermissions
		ADDED from [com.github.vondear:RxTools:v1.7.8.3] AndroidManifest.xml:53:13-47
	android:exported
		ADDED from [com.github.vondear:RxTools:v1.7.8.3] AndroidManifest.xml:52:13-37
	android:name
		ADDED from [com.github.vondear:RxTools:v1.7.8.3] AndroidManifest.xml:50:13-67
meta-data#android.support.FILE_PROVIDER_PATHS
ADDED from [com.github.vondear:RxTools:v1.7.8.3] AndroidManifest.xml:54:13-56:54
	android:resource
		ADDED from [com.github.vondear:RxTools:v1.7.8.3] AndroidManifest.xml:56:17-51
	android:name
		ADDED from [com.github.vondear:RxTools:v1.7.8.3] AndroidManifest.xml:55:17-67
meta-data#android.support.VERSION
ADDED from [com.android.support:cardview-v7:25.3.1] AndroidManifest.xml:22:5-24:34
MERGED from [com.android.support:design:25.3.1] AndroidManifest.xml:25:5-27:34
MERGED from [com.android.support:recyclerview-v7:25.3.1] AndroidManifest.xml:22:5-24:34
MERGED from [com.android.support:transition:25.3.1] AndroidManifest.xml:22:5-24:34
MERGED from [com.android.support:appcompat-v7:25.3.1] AndroidManifest.xml:25:5-27:34
MERGED from [com.android.support:support-v4:25.3.1] AndroidManifest.xml:25:5-27:34
MERGED from [com.android.support:support-fragment:25.3.1] AndroidManifest.xml:25:5-27:34
MERGED from [com.android.support:support-media-compat:25.3.1] AndroidManifest.xml:25:5-27:34
MERGED from [com.android.support:support-core-ui:25.3.1] AndroidManifest.xml:25:5-27:34
MERGED from [com.android.support:support-core-utils:25.3.1] AndroidManifest.xml:25:5-27:34
MERGED from [com.android.support:animated-vector-drawable:25.3.1] AndroidManifest.xml:22:5-24:34
MERGED from [com.android.support:support-vector-drawable:25.3.1] AndroidManifest.xml:22:5-24:34
MERGED from [com.android.support:support-compat:25.3.1] AndroidManifest.xml:25:5-27:34
	android:value
		ADDED from [com.android.support:cardview-v7:25.3.1] AndroidManifest.xml:24:9-31
	android:name
		ADDED from [com.android.support:cardview-v7:25.3.1] AndroidManifest.xml:23:9-47
uses-permission#android.permission.DISABLE_KEYGUARD
ADDED from [com.vise.xiaoyaoyou:viseutils:1.1.0] AndroidManifest.xml:12:5-75
	android:name
		ADDED from [com.vise.xiaoyaoyou:viseutils:1.1.0] AndroidManifest.xml:12:22-72